This is pdfTeX, Version 3.141592653-2.6-1.40.26 (TeX Live 2024) (preloaded format=prv_written11 2024.10.29)  29 OCT 2024 15:36
entering extended mode
 restricted \write18 enabled.
 %&-line parsing enabled.
**&prv_written11 _region_.tex
(./_region_.tex
LaTeX2e <2024-06-01> patch level 2
L3 programming layer <2024-10-09>
CUSTOMISED FORMAT. Preloaded files:
        .
 article.cls    2024/02/08 v1.4n Standard LaTeX document class
  size10.clo    2024/02/08 v1.4n Standard LaTeX file (size option)
enumitem.sty    2019/06/20 v3.9 Customized lists
 amsmath.sty    2024/05/23 v2.17q AMS math features
 amstext.sty    2021/08/26 v2.01 AMS text
  amsgen.sty    1999/11/30 v2.0 generic functions
  amsbsy.sty    1999/11/29 v1.2d Bold Symbols
  amsopn.sty    2022/04/08 v2.04 operator names
    tikz.sty    2023-01-15 v3.1.10 (3.1.10)
     pgf.sty    2023-01-15 v3.1.10 (3.1.10)
  pgfrcs.sty    2023-01-15 v3.1.10 (3.1.10)
pgfrcs.code.tex
 pgfcore.sty    2023-01-15 v3.1.10 (3.1.10)
graphicx.sty    2021/09/16 v1.2d Enhanced LaTeX Graphics (DPC,SPQR)
  keyval.sty    2022/05/29 v1.15 key=value parser (DPC)
graphics.sty    2024/05/23 v1.4g Standard LaTeX Graphics (DPC,SPQR)
    trig.sty    2023/12/02 v1.11 sin cos tan (DPC)
graphics.cfg    2016/06/04 v1.11 sample graphics configuration
  pdftex.def    2024/04/13 v1.2c Graphics/color driver for pdftex
  pgfsys.sty    2023-01-15 v3.1.10 (3.1.10)
pgfsys.code.tex
pgfsyssoftpath.code.tex    2023-01-15 v3.1.10 (3.1.10)
pgfsysprotocol.code.tex    2023-01-15 v3.1.10 (3.1.10)
  xcolor.sty    2024/09/29 v3.02 LaTeX color extensions (UK)
   color.cfg    2016/01/02 v1.6 sample color configuration
mathcolor.ltx
pgfcore.code.tex
pgfcomp-version-0-65.sty    2023-01-15 v3.1.10 (3.1.10)
pgfcomp-version-1-18.sty    2023-01-15 v3.1.10 (3.1.10)
  pgffor.sty    2023-01-15 v3.1.10 (3.1.10)
 pgfkeys.sty    
pgfkeys.code.tex
 pgfmath.sty    
pgfmath.code.tex
pgffor.code.tex
tikz.code.tex
geometry.sty    2020/01/02 v5.9 Page Geometry
  ifvtex.sty    2019/10/25 v1.7 ifvtex legacy package. Use iftex instead.
   iftex.sty    2022/02/03 v1.0f TeX engine tests
fancyhdr.sty    2024/07/23 v4.3.1 Extensive control of page headers and footers

        .
(/usr/local/texlive/2024/texmf-dist/tex/latex/l3backend/l3backend-pdftex.def
File: l3backend-pdftex.def 2024-05-08 L3 backend support: PDF output (pdfTeX)
\l__color_backend_stack_int=\count306
\l__pdf_internal_box=\box66
)
No file _region_.aux.
LaTeX Font Info:    Checking defaults for OML/cmm/m/it on input line 13.
LaTeX Font Info:    ... okay on input line 13.
LaTeX Font Info:    Checking defaults for OMS/cmsy/m/n on input line 13.
LaTeX Font Info:    ... okay on input line 13.
LaTeX Font Info:    Checking defaults for OT1/cmr/m/n on input line 13.
LaTeX Font Info:    ... okay on input line 13.
LaTeX Font Info:    Checking defaults for T1/cmr/m/n on input line 13.
LaTeX Font Info:    ... okay on input line 13.
LaTeX Font Info:    Checking defaults for TS1/cmr/m/n on input line 13.
LaTeX Font Info:    ... okay on input line 13.
LaTeX Font Info:    Checking defaults for OMX/cmex/m/n on input line 13.
LaTeX Font Info:    ... okay on input line 13.
LaTeX Font Info:    Checking defaults for U/cmr/m/n on input line 13.
LaTeX Font Info:    ... okay on input line 13.
(/usr/local/texlive/2024/texmf-dist/tex/context/base/mkii/supp-pdf.mkii
[Loading MPS to PDF converter (version 2006.09.02).]
\scratchcounter=\count307
\scratchdimen=\dimen268
\scratchbox=\box67
\nofMPsegments=\count308
\nofMParguments=\count309
\everyMPshowfont=\toks38
\MPscratchCnt=\count310
\MPscratchDim=\dimen269
\MPnumerator=\count311
\makeMPintoPDFobject=\count312
\everyMPtoPDFconversion=\toks39
) (/usr/local/texlive/2024/texmf-dist/tex/latex/epstopdf-pkg/epstopdf-base.sty
Package: epstopdf-base 2020-01-24 v2.11 Base part for package epstopdf
Package epstopdf-base Info: Redefining graphics rule for `.eps' on input line 4
85.

(/usr/local/texlive/2024/texmf-dist/tex/latex/latexconfig/epstopdf-sys.cfg
File: epstopdf-sys.cfg 2010/07/13 v1.3 Configuration of (r)epstopdf for TeX Liv
e
))
*geometry* driver: auto-detecting
*geometry* detected driver: pdftex
*geometry* verbose mode - [ preamble ] result:
* driver: pdftex
* paper: a4paper
* layout: <same size as paper>
* layoutoffset:(h,v)=(0.0pt,0.0pt)
* bindingoffset: 14.45377pt
* modes: 
* h-part:(L,W,R)=(22.76228pt, 537.52954pt, 22.76228pt)
* v-part:(T,H,B)=(22.76228pt, 799.52228pt, 22.76228pt)
* \paperwidth=597.50787pt
* \paperheight=845.04684pt
* \textwidth=537.52954pt
* \textheight=799.52228pt
* \oddsidemargin=-35.05394pt
* \evensidemargin=-49.5077pt
* \topmargin=-86.5077pt
* \headheight=12.0pt
* \headsep=25.0pt
* \topskip=10.0pt
* \footskip=18.06749pt
* \marginparwidth=65.0pt
* \marginparsep=11.0pt
* \columnsep=10.0pt
* \skip\footins=9.0pt plus 4.0pt minus 2.0pt
* \hoffset=0.0pt
* \voffset=0.0pt
* \mag=1000
* \@twocolumnfalse
* \@twosidefalse
* \@mparswitchfalse
* \@reversemarginfalse
* (1in=72.27pt=25.4mm, 1cm=28.453pt)

(/usr/local/texlive/2024/texmf-dist/tex/latex/preview/preview.sty
Package: preview 2024/06/30 14.0.6 (AUCTeX/preview-latex)

(/usr/local/texlive/2024/texmf-dist/tex/generic/luatex85/luatex85.sty
Package: luatex85 2016/06/15 v1.4 pdftex aliases for luatex
)
(/usr/local/texlive/2024/texmf-dist/tex/latex/preview/prtightpage.def
\PreviewBorder=\dimen270
)
(/usr/local/texlive/2024/texmf-dist/tex/latex/preview/prauctex.def
No auxiliary output files.


\hbadness=\count313
\hfuzz=\dimen271
(/usr/local/texlive/2024/texmf-dist/tex/latex/preview/prauctex.cfg))
(/usr/local/texlive/2024/texmf-dist/tex/latex/preview/prfootnotes.def)
\pr@snippet=\count314
\pr@box=\box68
\pr@output=\toks40

Preview: Fontsize 10pt
Preview: PDFoutput 1
)  !name(written11.tex) !offset(-3) 
! Preview: Snippet 1 started.
<-><->
      
l.28 \section
             *{\fontsize{12}{15}\selectfont Algebra}
Not a real error.

Preview: Tightpage -32891 -32891 32891 32891
! Preview: Snippet 1 ended.(546132+152916x35227536).
<-><->
      
l.28 ...ion*{\fontsize{12}{15}\selectfont Algebra}
                                                  
Not a real error.

[1{/usr/local/texlive/2024/texmf-var/fonts/map/pdftex/updmap/pdftex.map}]
! Preview: Snippet 2 started.
<-><->
      
l.32   \(
         A =\) $\begin{bmatrix}
Not a real error.

! Preview: Snippet 2 ended.(447828+0x1183287).
<-><->
      
l.32   \(A =\)
               $\begin{bmatrix}
Not a real error.

[2]
! Preview: Snippet 3 started.
<-><->
      
l.32   \(A =\) $
                \begin{bmatrix}
Not a real error.

! Preview: Snippet 3 ended.(2129939+1802259x6662839).
<-><->
      
l.38   \end{bmatrix}$
                     
Not a real error.

[3]
! Preview: Snippet 4 started.
<-><->
      
l.42   \(
         A =\) $\begin{bmatrix}
Not a real error.

! Preview: Snippet 4 ended.(447828+0x1183287).
<-><->
      
l.42   \(A =\)
               $\begin{bmatrix}
Not a real error.

[4]
! Preview: Snippet 5 started.
<-><->
      
l.42   \(A =\) $
                \begin{bmatrix}
Not a real error.

! Preview: Snippet 5 ended.(950279+622600x2437897).
<-><->
      
l.45   \end{bmatrix}$
                     
Not a real error.

[5]
! Preview: Snippet 6 started.
<-><->
      
l.49   \(
         B =\) $\begin{bmatrix}
Not a real error.

! Preview: Snippet 6 ended.(447828+0x1221743).
<-><->
      
l.49   \(B =\)
               $\begin{bmatrix}
Not a real error.

[6]
! Preview: Snippet 7 started.
<-><->
      
l.49   \(B =\) $
                \begin{bmatrix}
Not a real error.

! Preview: Snippet 7 ended.(950279+622600x2002494).
<-><->
      
l.52   \end{bmatrix}$
                     
Not a real error.

[7]
! Preview: Snippet 8 started.
<-><->
      
l.56   \(
         C =\) $\begin{bmatrix}
Not a real error.

! Preview: Snippet 8 ended.(447828+0x1207042).
<-><->
      
l.56   \(C =\)
               $\begin{bmatrix}
Not a real error.

[8]
! Preview: Snippet 9 started.
<-><->
      
l.56   \(C =\) $
                \begin{bmatrix}
Not a real error.

! Preview: Snippet 9 ended.(1343499+1015819x4696757).
<-><->
      
l.60   \end{bmatrix}$
                     
Not a real error.

[9]
! Preview: Snippet 10 started.
<-><->
      
l.64   \(
         D =\) $\begin{bmatrix}
Not a real error.

! Preview: Snippet 10 ended.(447828+0x1252554).
<-><->
      
l.64   \(D =\)
               $\begin{bmatrix}
Not a real error.

[10]
! Preview: Snippet 11 started.
<-><->
      
l.64   \(D =\) $
                \begin{bmatrix}
Not a real error.

! Preview: Snippet 11 ended.(950279+622600x4514713).
<-><->
      
l.67   \end{bmatrix}$
                     
Not a real error.

[11]
! Preview: Snippet 12 started.
<-><->
      
l.72   \(
         \lvert B \rvert =\) $\begin{vmatrix}
Not a real error.

! Preview: Snippet 12 ended.(491520+163840x1585833).
<-><->
      
l.72   \(\lvert B \rvert =\)
                             $\begin{vmatrix}
Not a real error.

[12]
! Preview: Snippet 13 started.
<-><->
      
l.72   \(\lvert B \rvert =\) $
                              \begin{vmatrix}
Not a real error.

! Preview: Snippet 13 ended.(950280+622600x5279273).
<-><->
      
l.75   \end{vmatrix} = 6 - 4 = 2 $
                                  
Not a real error.

[13]
! Preview: Snippet 14 started.
<-><->
      
l.79    \(
          |C| =\) $\begin{vmatrix}
Not a real error.

! Preview: Snippet 14 ended.(491520+163840x1571132).
<-><->
      
l.79    \(|C| =\)
                  $\begin{vmatrix}
Not a real error.

[14]
! Preview: Snippet 15 started.
<-><->
      
l.79    \(|C| =\) $
                   \begin{vmatrix}
Not a real error.

! Preview: Snippet 15 ended.(1343500+1015820x4259847).
<-><->
      
l.83   \end{vmatrix}$
                     
Not a real error.

[15]
! Preview: Snippet 16 started.
<-><->
      
l.84   \(
          =  1\) $\begin{vmatrix}-1 & -3 \\
Not a real error.

! Preview: Snippet 16 ended.(422343+0x1019447).
<-><->
      
l.84   \( =  1\)
                 $\begin{vmatrix}-1 & -3 \\
Not a real error.

[16]
! Preview: Snippet 17 started.
<-><->
      
l.84   \( =  1\) $
                  \begin{vmatrix}-1 & -3 \\
Not a real error.

! Preview: Snippet 17 ended.(950280+622600x2767080).
<-><->
      
l.86     \end{vmatrix}$
                        \(- 2\) $\begin{vmatrix}2 & -3 \\ -3 & 5 \end{vmatri...

Not a real error.

[17]
! Preview: Snippet 18 started.
<-><->
      
l.86     \end{vmatrix}$ \(
                          - 2\) $\begin{vmatrix}2 & -3 \\ -3 & 5 \end{vmatri...

Not a real error.

! Preview: Snippet 18 ended.(422343+54613x837407).
<-><->
      
l.86     \end{vmatrix}$ \(- 2\)
                                $\begin{vmatrix}2 & -3 \\ -3 & 5 \end{vmatri...

Not a real error.

[18]
! Preview: Snippet 19 started.
<-><->
      
l.86     \end{vmatrix}$ \(- 2\) $
                                 \begin{vmatrix}2 & -3 \\ -3 & 5 \end{vmatri...

Not a real error.

! Preview: Snippet 19 ended.(950280+622600x2767080).
<-><->
      
l.86 ...in{vmatrix}2 & -3 \\ -3 & 5 \end{vmatrix}$
                                                   \(+ 4\) $\begin{vmatrix}2...

Not a real error.

[19]
! Preview: Snippet 20 started.
<-><->
      
l.86 ...vmatrix}2 & -3 \\ -3 & 5 \end{vmatrix}$ \(
                                                  + 4\) $\begin{vmatrix}2 & ...

Not a real error.

! Preview: Snippet 20 ended.(422343+54613x837407).
<-><->
      
l.86 ...ix}2 & -3 \\ -3 & 5 \end{vmatrix}$ \(+ 4\)
                                                   $\begin{vmatrix}2 & -1 \\...

Not a real error.

[20]
! Preview: Snippet 21 started.
<-><->
      
l.86 ...}2 & -3 \\ -3 & 5 \end{vmatrix}$ \(+ 4\) $
                                                  \begin{vmatrix}2 & -1 \\ -...

Not a real error.

! Preview: Snippet 21 ended.(950280+622600x2767080).
<-><->
      
l.86 ...in{vmatrix}2 & -1 \\ -3 & 1 \end{vmatrix}$
                                                   \\ \vspace{.3cm}
Not a real error.

[21]

! LaTeX Error: There's no line here to end.

See the LaTeX manual or LaTeX Companion for explanation.
Type  H <return>  for immediate help.
 ...                                              
                                                  
l.86 ...vmatrix}2 & -1 \\ -3 & 1 \end{vmatrix}$ \\
                                                   \vspace{.3cm}
Your command was ignored.
Type  I <command> <return>  to replace it with another command,
or  <return>  to continue without it.

! Preview: Snippet 22 started.
<-><->
      
l.87   \(
         = 1(-2) - 2(1) + 4(-1) = -2 - 2 - 4 = -8\) \\ \vspace{.3cm}
Not a real error.

! Preview: Snippet 22 ended.(491520+163840x12488230).
<-><->
      
l.87 ...= 1(-2) - 2(1) + 4(-1) = -2 - 2 - 4 = -8\)
                                                   \\ \vspace{.3cm}
Not a real error.

[22]

! LaTeX Error: There's no line here to end.

See the LaTeX manual or LaTeX Companion for explanation.
Type  H <return>  for immediate help.
 ...                                              
                                                  
l.87 ...(-2) - 2(1) + 4(-1) = -2 - 2 - 4 = -8\) \\
                                                   \vspace{.3cm}
Your command was ignored.
Type  I <command> <return>  to replace it with another command,
or  <return>  to continue without it.

! Preview: Snippet 23 started.
<-><->
      
l.91 As such, det\hspace{0.04cm}\textit{A} \(
                                             = (2)(-8) = -16\)
Not a real error.

! Preview: Snippet 23 ended.(491520+163840x4915200).
<-><->
      
l.91 ...pace{0.04cm}\textit{A} \(= (2)(-8) = -16\)
                                                  
Not a real error.

[23]
! Preview: Snippet 24 started.
<-><->
      
l.93 \item Given that \(
                        \vert{G}\vert =\)
Not a real error.

! Preview: Snippet 24 ended.(491520+163840x1571132).
<-><->
      
l.93 \item Given that \(\vert{G}\vert =\)
                                         
Not a real error.

[24]
! Preview: Snippet 25 started.
<-><->
      
l.94 $
      \begin{vmatrix}
Not a real error.

! Preview: Snippet 25 ended.(1343500+1015820x4064518).
<-><->
      
l.99 \end{vmatrix} = 7$
                       , \textnormal{we will calculate:}
Not a real error.

[25]
! Preview: Snippet 26 started.
<-><->
      
l.101   \(
          |H| = \)
Not a real error.

! Preview: Snippet 26 ended.(491520+163840x1653870).
<-><->
      
l.101   \(|H| = \)
                  
Not a real error.

[26]
! Preview: Snippet 27 started.
<-><->
      
l.102  $
        \begin{vmatrix} a & b & c \\
Not a real error.

! Preview: Snippet 27 ended.(1343500+1015820x6984394).
<-><->
      
l.105 \end{vmatrix}$
                    
Not a real error.

[27]
! Preview: Snippet 28 started.
<-><->
      
l.112 As such, \(
                 \lvert H \rvert = 2\lvert G \rvert = 2(7) = 14\)
Not a real error.

! Preview: Snippet 28 ended.(491520+163840x6611019).
<-><->
      
l.112 ...H \rvert = 2\lvert G \rvert = 2(7) = 14\)
                                                  
Not a real error.

[28]

! Preview: Snippet 29 started.
<-><->
      
l.115 \section
              *{\fontsize{12}{15}\selectfont Calculus}
Not a real error.

! Preview: Snippet 29 ended.(546132+0x35227536).
<-><->
      
l.115 ...n*{\fontsize{12}{15}\selectfont Calculus}
                                                  
Not a real error.

[29]
! Preview: Snippet 30 started.
<-><->
      
l.118  \(
          \displaystyle\int \frac{4x^2 + 2x + 3}{x^3 + x} \hspace{0.1cm} dx\)
Not a real error.

! Preview: Snippet 30 ended.(976821+564346x5452150).
<-><->
      
l.118 ...^2 + 2x + 3}{x^3 + x} \hspace{0.1cm} dx\)
                                                  
Not a real error.

[30]
! Preview: Snippet 31 started.
<-><->
      
l.122 \(
         \displaystyle x^3 + x = x(x^2 + 1)\)
Not a real error.

! Preview: Snippet 31 ended.(566233+163840x5399423).
<-><->
      
l.122 \( \displaystyle x^3 + x = x(x^2 + 1)\)
                                             
Not a real error.

[31]
! Preview: Snippet 32 started.
<-><->
      
l.124 Because $
               x^2 + 1$ is an irreducible quadratic factor, the partial frac...

Not a real error.

! Preview: Snippet 32 ended.(533465+54613x1797230).
<-><->
      
l.124 Because $x^2 + 1$
                        is an irreducible quadratic factor, the partial frac...

Not a real error.

[32]
! Preview: Snippet 33 started.
<-><->
      
l.126   \(
           \displaystyle \frac{4x^2 + 2x + 3}{x(x^2 + 1)} = \frac{A}{x} + \f...

Not a real error.

! Preview: Snippet 33 ended.(976821+613385x8487112).
<-><->
      
l.126 ... = \frac{A}{x} + \frac{Bx + C}{x^2 + 1}\)
                                                  
Not a real error.

[33]
! Preview: Snippet 34 started.
<-><->
      
l.129 We multiply both sides of the equation by \(
                                                  x(x^2+1)\) and then calcul...

Not a real error.

! Preview: Snippet 34 ended.(533465+163840x2681512).
<-><->
      
l.129 ...oth sides of the equation by \(x(x^2+1)\)
                                                   and then calculate the va...

Not a real error.

[34]
! Preview: Snippet 35 started.
<-><->
      
l.129 ...2+1)\) and then calculate the values of $
                                                  A, B,$ and $C:$
Not a real error.

! Preview: Snippet 35 ended.(447828+127431x1494812).
<-><->
      
l.129 ... and then calculate the values of $A, B,$
                                                   and $C:$
Not a real error.

[35]
! Preview: Snippet 36 started.
<-><->
      
l.129 ...hen calculate the values of $A, B,$ and $
                                                  C:$
Not a real error.

! Preview: Snippet 36 ended.(447828+0x879361).
<-><->
      
l.129 ... calculate the values of $A, B,$ and $C:$
                                                  
Not a real error.

[36]
! Preview: Snippet 37 started.
<-><->
      
l.132 \(
         \displaystyle 4x^2 + 2x + 3 = A(x^2+1) + (Bx + C)x \)
Not a real error.

! Preview: Snippet 37 ended.(566233+163840x11206492).
<-><->
      
l.132 ...e 4x^2 + 2x + 3 = A(x^2+1) + (Bx + C)x \)
                                                  
Not a real error.

[37]
! Preview: Snippet 38 started.
<-><->
      
l.135 Equating coefficients, we can see that $
                                              2x = Cx$, and therefore $C = 2...

Not a real error.

! Preview: Snippet 38 ended.(447828+0x2465875).
<-><->
      
l.135 ...g coefficients, we can see that $2x = Cx$
                                                  , and therefore $C = 2$. \...

Not a real error.

[38]
! Preview: Snippet 39 started.
<-><->
      
l.135 ...e can see that $2x = Cx$, and therefore $
                                                  C = 2$. \hspace{0.01cm}
Not a real error.

! Preview: Snippet 39 ended.(447828+0x1716763).
<-><->
      
l.135 ...see that $2x = Cx$, and therefore $C = 2$
                                                  . \hspace{0.01cm}
Not a real error.

[39]
! Preview: Snippet 40 started.
<-><->
      
l.139 ...y constant term on the RHS is A, and so $
                                                  A = 3$.\\*
Not a real error.

! Preview: Snippet 40 ended.(447828+0x1693008).
<-><->
      
l.139 ...tant term on the RHS is A, and so $A = 3$
                                                  .\\*
Not a real error.

[40]
! Preview: Snippet 41 started.
<-><->
      
l.141 Finally, as per the squared terms, $
                                          4x^2 = Ax^2 +  Bx^2$, and so $B = ...

Not a real error.

! Preview: Snippet 41 ended.(533465+54613x5029652).
<-><->
      
l.141 ... the squared terms, $4x^2 = Ax^2 +  Bx^2$
                                                  , and so $B = 4 - 3 = 1$. ...

Not a real error.

[41]
! Preview: Snippet 42 started.
<-><->
      
l.141 ...ed terms, $4x^2 = Ax^2 +  Bx^2$, and so $
                                                  B = 4 - 3 = 1$. \vspace{0....

Not a real error.

! Preview: Snippet 42 ended.(447828+54613x4061622).
<-><->
      
l.141 ...2 = Ax^2 +  Bx^2$, and so $B = 4 - 3 = 1$
                                                  . \vspace{0.5cm} \\*
Not a real error.

[42]
! Preview: Snippet 43 started.
<-><->
      
l.145   \(
           \displaystyle\int \frac{4x^2 + 2x + 3}{x^3 + x} \hspace{0.1cm} dx...

Not a real error.

! Preview: Snippet 43 ended.(976821+564346x12946756).
<-><->
      
l.145 ...t \frac{x + 2}{x^2+1} \hspace{0.1cm} dx\)
                                                  
Not a real error.

[43]
! Preview: Snippet 44 started.
<-><->
      
l.149   \(
           \displaystyle = 3\ln|x| + \int \frac{x+2}{x^2 + 1} \hspace{0.1cm}...

Not a real error.

! Preview: Snippet 44 ended.(892025+564346x8029509).
<-><->
      
l.149 ...rac{x+2}{x^2 + 1} \hspace{0.1cm} dx + c\)
                                                  
Not a real error.

[44]
! Preview: Snippet 45 started.
<-><->
      
l.152 Let $
           x = \tan(t)$ for $t \in (-\frac{\pi}{2}, 0) \cup (0, \frac{\pi}{2...

Not a real error.

! Preview: Snippet 45 ended.(491520+163840x2941380).
<-><->
      
l.152 Let $x = \tan(t)$
                        for $t \in (-\frac{\pi}{2}, 0) \cup (0, \frac{\pi}{2...

Not a real error.

[45]
! Preview: Snippet 46 started.
<-><->
      
l.152 Let $x = \tan(t)$ for $
                             t \in (-\frac{\pi}{2}, 0) \cup (0, \frac{\pi}{2...

Not a real error.

! Preview: Snippet 46 ended.(491520+225995x5493322).
<-><->
      
l.152 ...frac{\pi}{2}, 0) \cup (0, \frac{\pi}{2})$
                                                   and $x + 2 = \tan(t) + 2,...

Not a real error.

[46]
! Preview: Snippet 47 started.
<-><->
      
l.152 ...pi}{2}, 0) \cup (0, \frac{\pi}{2})$ and $
                                                  x + 2 = \tan(t) + 2,$ then...

Not a real error.

! Preview: Snippet 47 ended.(491520+163840x5380767).
<-><->
      
l.152 ...frac{\pi}{2})$ and $x + 2 = \tan(t) + 2,$
                                                   then $dx = \sec^2(t)\hspa...

Not a real error.

[47]
! Preview: Snippet 48 started.
<-><->
      
l.152 ...i}{2})$ and $x + 2 = \tan(t) + 2,$ then $
                                                  dx = \sec^2(t)\hspace{0.04...

Not a real error.

! Preview: Snippet 48 ended.(533465+163840x4487323).
<-><->
      
l.152 ...$ then $dx = \sec^2(t)\hspace{0.04cm}dt:$
                                                  
Not a real error.

[48]
! Preview: Snippet 49 started.
<-><->
      
l.155   \(
           \displaystyle 3\ln|x| + \int \frac{x+2}{x^2 + 1} \hspace{0.1cm} d...

Not a real error.

! Preview: Snippet 49 ended.(976821+628466x29770142).
<-><->
      
l.155 ...ec^2(t)}{\sec^2(t)}\hspace{0.1cm}dt + c\)
                                                  
Not a real error.

[49]
! Preview: Snippet 50 started.
<-><->
      
l.158   \(
           \displaystyle = 3\ln|x| + \int\tan(t) \hspace{0.1cm}dt + 2\int dt...

Not a real error.

! Preview: Snippet 50 ended.(892025+564346x10210357).
<-><->
      
l.158 ...\tan(t) \hspace{0.1cm}dt + 2\int dt + c\)
                                                  
Not a real error.

[50]
! Preview: Snippet 51 started.
<-><->
      
l.161   \(
           \displaystyle = 3\ln|x| + \int\frac{\sin(t)}{\cos(t)}\hspace{0.1c...

Not a real error.

! Preview: Snippet 51 ended.(934876+613385x9083549).
<-><->
      
l.161 ...n(t)}{\cos(t)}\hspace{0.1cm}dt + 2t + c\)
                                                  
Not a real error.

[51]
! Preview: Snippet 52 started.
<-><->
      
l.163  Let $
            u = \cos(t),$ then $\frac{du}{dt} = -\sin(t)$ and $dt = -\frac{1...

Not a real error.

! Preview: Snippet 52 ended.(491520+163840x3054856).
<-><->
      
l.163  Let $u = \cos(t),$
                          then $\frac{du}{dt} = -\sin(t)$ and $dt = -\frac{1...

Not a real error.

[52]
! Preview: Snippet 53 started.
<-><->
      
l.163  Let $u = \cos(t),$ then $
                                \frac{du}{dt} = -\sin(t)$ and $dt = -\frac{1...

Not a real error.

! Preview: Snippet 53 ended.(576613+225995x3783740).
<-><->
      
l.163 ...\cos(t),$ then $\frac{du}{dt} = -\sin(t)$
                                                   and $dt = -\frac{1}{\sin(...

Not a real error.

[53]
! Preview: Snippet 54 started.
<-><->
      
l.163 ...),$ then $\frac{du}{dt} = -\sin(t)$ and $
                                                  dt = -\frac{1}{\sin(t)}\hs...

Not a real error.

! Preview: Snippet 54 ended.(553676+340683x4638436).
<-><->
      
l.163 ...t = -\frac{1}{\sin(t)}\hspace{0.1cm} du:$
                                                  
Not a real error.

[54]
! Preview: Snippet 55 started.
<-><->
      
l.165   \(
           \displaystyle = 3\ln|x| - \int\frac{1}{u} \hspace{0.1cm}du + 2t +...

Not a real error.

! Preview: Snippet 55 ended.(892025+564346x7973384).
<-><->
      
l.165 ...nt\frac{1}{u} \hspace{0.1cm}du + 2t + c\)
                                                  
Not a real error.

[55]
! Preview: Snippet 56 started.
<-><->
      
l.169   \(
           \displaystyle = 3\ln|x| - \ln|u| + 2t + c\)
Not a real error.

! Preview: Snippet 56 ended.(491520+163840x7168211).
<-><->
      
l.169 ...isplaystyle = 3\ln|x| - \ln|u| + 2t + c\)
                                                  
Not a real error.

[56]
! Preview: Snippet 57 started.
<-><->
      
l.173   \(
           \displaystyle = 3\ln|x| - \ln|\cos(t)| + 2t + c\)
Not a real error.

! Preview: Snippet 57 ended.(491520+163840x8526108).
<-><->
      
l.173 ...style = 3\ln|x| - \ln|\cos(t)| + 2t + c\)
                                                  
Not a real error.

[57]
! Preview: Snippet 58 started.
<-><->
      
l.175 If $
          \tan(t) = x$ and $t = \arctan(x):$
Not a real error.

! Preview: Snippet 58 ended.(491520+163840x2941380).
<-><->
      
l.175 If $\tan(t) = x$
                       and $t = \arctan(x):$
Not a real error.

[58]
! Preview: Snippet 59 started.
<-><->
      
l.175 If $\tan(t) = x$ and $
                            t = \arctan(x):$
Not a real error.

! Preview: Snippet 59 ended.(491520+163840x4181100).
<-><->
      
l.175 If $\tan(t) = x$ and $t = \arctan(x):$
                                            
Not a real error.

[59]
! Preview: Snippet 60 started.
<-><->
      
l.179       -- (2,0) node[midway, below]{$
                                          1$}
Not a real error.

! Preview: Snippet 60 ended.(422343+0x327681).
<-><->
      
l.179       -- (2,0) node[midway, below]{$1$
                                            }
Not a real error.

[60]
! Preview: Snippet 61 started.
<-><->
      
l.180       -- (2,1) node[anchor=west]{$
                                        x$}
Not a real error.

! Preview: Snippet 61 ended.(282168+0x374556).
<-><->
      
l.180       -- (2,1) node[anchor=west]{$x$
                                          }
Not a real error.

[61]
! Preview: Snippet 62 started.
<-><->
      
l.184 ...,9/7)node[anchor=east, inner sep=1.8ex]{$
                                                  \sqrt{x^2 + 1}$}
Not a real error.

! Preview: Snippet 62 ended.(598559+83013x2343365).
<-><->
      
l.184 ...r=east, inner sep=1.8ex]{$\sqrt{x^2 + 1}$
                                                  }
Not a real error.

[62]
! Preview: Snippet 63 started.
<-><->
      
l.185          (1/2,1/2) node[anchor=north]{$
                                             t$};
Not a real error.

! Preview: Snippet 63 ended.(403098+0x236658).
<-><->
      
l.185          (1/2,1/2) node[anchor=north]{$t$
                                               };
Not a real error.

[63]
! Preview: Snippet 64 started.
<-><->
      
l.188 With reference to the right triangle, $
                                             \cos(t) = \frac{1}{\sqrt{x^2+1}...

Not a real error.

! Preview: Snippet 64 ended.(553676+356512x4301987).
<-><->
      
l.188 ...angle, $\cos(t) = \frac{1}{\sqrt{x^2+1}}$
                                                  , and therefore:
Not a real error.

[64]
! Preview: Snippet 65 started.
<-><->
      
l.190   \(
           \displaystyle 3\ln|x| - \ln|\cos(t)| + 2t + c = 3\ln|x| - \ln|\fr...

Not a real error.

! Preview: Snippet 65 ended.(865699+609478x19889195).
<-><->
      
l.190 ...rac{1}{\sqrt{x^2+1}}| + 2\arctan(x) + c\)
                                                  
Not a real error.

[65]
! Preview: Snippet 66 started.
<-><->
      
l.193   \(
           \displaystyle = 3\ln|x| - \ln|1| + \ln|\sqrt{x^2+1}| + 2\arctan(x...

Not a real error.

! Preview: Snippet 66 ended.(696093+163840x13972873).
<-><->
      
l.193 ...| + \ln|\sqrt{x^2+1}| + 2\arctan(x) + c\)
                                                  
Not a real error.

[66]
! Preview: Snippet 67 started.
<-><->
      
l.196   \(
           \displaystyle = \ln|x^3\sqrt{x^2+1}| + 2\arctan(x) + c\)
Not a real error.

! Preview: Snippet 67 ended.(696093+163840x9861412).
<-><->
      
l.196 ... \ln|x^3\sqrt{x^2+1}| + 2\arctan(x) + c\)
                                                  
Not a real error.

[67]
! Preview: Snippet 68 started.
<-><->
      
l.199   \(
           \displaystyle = \frac{1}{2}\ln|x^8+x^6| + 2\arctan(x) + c\)
Not a real error.

! Preview: Snippet 68 ended.(865699+449545x9472561).
<-><->
      
l.199 ...rac{1}{2}\ln|x^8+x^6| + 2\arctan(x) + c\)
                                                  
Not a real error.

[68]
! Preview: Snippet 69 started.
<-><->
      
l.201  Because $
                x^8 + x^6$ is never negative, the absolute value function is...

Not a real error.

! Preview: Snippet 69 ended.(533465+54613x2138108).
<-><->
      
l.201  Because $x^8 + x^6$
                           is never negative, the absolute value function is...

Not a real error.

[69]
! Preview: Snippet 70 started.
<-><->
      
l.203   \(
           \displaystyle \int \frac{4x^2 + 2x + 3}{x^3 + x} \hspace{0.1cm} d...

Not a real error.

! Preview: Snippet 70 ended.(976821+564346x15143163).
<-><->
      
l.203 ...c{1}{2}\ln({x^8+x^6}) + 2\arctan(x) + c\)
                                                  
Not a real error.

[70]

 ***********
LaTeX2e <2024-06-01> patch level 2
L3 programming layer <2024-10-09>
 ***********
 ) 
Here is how much of TeX's memory you used:
 961 strings out of 460675
 18827 string characters out of 5467152
 652576 words of memory out of 5000000
 36524 multiletter control sequences out of 15000+600000
 561518 words of font info for 48 fonts, out of 8000000 for 9000
 1141 hyphenation exceptions out of 8191
 44i,11n,53p,299b,623s stack positions out of 10000i,1000n,20000p,200000b,200000s
</usr/local/texlive/2024/texmf-dist/fonts/type1/public/amsfonts/cm/cmbx12.pfb
></usr/local/texlive/2024/texmf-dist/fonts/type1/public/amsfonts/cm/cmex10.pfb>
</usr/local/texlive/2024/texmf-dist/fonts/type1/public/amsfonts/cm/cmmi10.pfb><
/usr/local/texlive/2024/texmf-dist/fonts/type1/public/amsfonts/cm/cmmi7.pfb></u
sr/local/texlive/2024/texmf-dist/fonts/type1/public/amsfonts/cm/cmr10.pfb></usr
/local/texlive/2024/texmf-dist/fonts/type1/public/amsfonts/cm/cmr5.pfb></usr/lo
cal/texlive/2024/texmf-dist/fonts/type1/public/amsfonts/cm/cmr7.pfb></usr/local
/texlive/2024/texmf-dist/fonts/type1/public/amsfonts/cm/cmsy10.pfb></usr/local/
texlive/2024/texmf-dist/fonts/type1/public/amsfonts/cm/cmsy7.pfb>
Output written on _region_.pdf (70 pages, 109138 bytes).
PDF statistics:
 278 PDF objects out of 1000 (max. 8388607)
 186 compressed objects within 2 object streams
 0 named destinations out of 1000 (max. 500000)
 13 words of extra memory for PDF output out of 10000 (max. 10000000)

